real-time non-blocking time  (microseconds, -R) unlimited
core file size              (blocks, -c) 0
data seg size               (kbytes, -d) unlimited
scheduling priority                 (-e) 0
file size                   (blocks, -f) unlimited
pending signals                     (-i) 513306
max locked memory           (kbytes, -l) 16434904
max memory size             (kbytes, -m) unlimited
open files                          (-n) 1024
pipe size                (512 bytes, -p) 8
POSIX message queues         (bytes, -q) 819200
real-time priority                  (-r) 0
stack size                  (kbytes, -s) 8192
cpu time                   (seconds, -t) unlimited
max user processes                  (-u) 513306
virtual memory              (kbytes, -v) unlimited
file locks                          (-x) unlimited
java.io.IOException: Inconsistent checkpoint fields.
LV = -64 namespaceID = 1553841957 cTime = 1708902433578 ; clusterId = CID-d081b6af-5f7f-44f8-b966-527a05844586 ; blockpoolId = BP-1522305150-128.110.219.174-1708902433578.
Expecting respectively: -64; 1910786739; 1708897374693; CID-61a6e093-64ed-43c4-a157-4ce4b50119b6; BP-1320104534-128.110.219.174-1708897374693.
	at org.apache.hadoop.hdfs.server.namenode.CheckpointSignature.validateStorageInfo(CheckpointSignature.java:143)
	at org.apache.hadoop.hdfs.server.namenode.SecondaryNameNode.doCheckpoint(SecondaryNameNode.java:550)
	at org.apache.hadoop.hdfs.server.namenode.SecondaryNameNode.doWork(SecondaryNameNode.java:360)
	at org.apache.hadoop.hdfs.server.namenode.SecondaryNameNode$1.run(SecondaryNameNode.java:325)
	at org.apache.hadoop.security.SecurityUtil.doAsLoginUserOrFatal(SecurityUtil.java:481)
	at org.apache.hadoop.hdfs.server.namenode.SecondaryNameNode.run(SecondaryNameNode.java:321)
	at java.base/java.lang.Thread.run(Thread.java:829)
java.io.IOException: Inconsistent checkpoint fields.
LV = -64 namespaceID = 1553841957 cTime = 1708902433578 ; clusterId = CID-d081b6af-5f7f-44f8-b966-527a05844586 ; blockpoolId = BP-1522305150-128.110.219.174-1708902433578.
Expecting respectively: -64; 1910786739; 1708897374693; CID-61a6e093-64ed-43c4-a157-4ce4b50119b6; BP-1320104534-128.110.219.174-1708897374693.
	at org.apache.hadoop.hdfs.server.namenode.CheckpointSignature.validateStorageInfo(CheckpointSignature.java:143)
	at org.apache.hadoop.hdfs.server.namenode.SecondaryNameNode.doCheckpoint(SecondaryNameNode.java:550)
	at org.apache.hadoop.hdfs.server.namenode.SecondaryNameNode.doWork(SecondaryNameNode.java:360)
	at org.apache.hadoop.hdfs.server.namenode.SecondaryNameNode$1.run(SecondaryNameNode.java:325)
	at org.apache.hadoop.security.SecurityUtil.doAsLoginUserOrFatal(SecurityUtil.java:481)
	at org.apache.hadoop.hdfs.server.namenode.SecondaryNameNode.run(SecondaryNameNode.java:321)
	at java.base/java.lang.Thread.run(Thread.java:829)
java.io.IOException: Inconsistent checkpoint fields.
LV = -64 namespaceID = 1553841957 cTime = 1708902433578 ; clusterId = CID-d081b6af-5f7f-44f8-b966-527a05844586 ; blockpoolId = BP-1522305150-128.110.219.174-1708902433578.
Expecting respectively: -64; 1910786739; 1708897374693; CID-61a6e093-64ed-43c4-a157-4ce4b50119b6; BP-1320104534-128.110.219.174-1708897374693.
	at org.apache.hadoop.hdfs.server.namenode.CheckpointSignature.validateStorageInfo(CheckpointSignature.java:143)
	at org.apache.hadoop.hdfs.server.namenode.SecondaryNameNode.doCheckpoint(SecondaryNameNode.java:550)
	at org.apache.hadoop.hdfs.server.namenode.SecondaryNameNode.doWork(SecondaryNameNode.java:360)
	at org.apache.hadoop.hdfs.server.namenode.SecondaryNameNode$1.run(SecondaryNameNode.java:325)
	at org.apache.hadoop.security.SecurityUtil.doAsLoginUserOrFatal(SecurityUtil.java:481)
	at org.apache.hadoop.hdfs.server.namenode.SecondaryNameNode.run(SecondaryNameNode.java:321)
	at java.base/java.lang.Thread.run(Thread.java:829)
